<?xml version="1.0" encoding="utf-8"?><testsuites name="pytest tests"><testsuite name="pytest" errors="0" failures="0" skipped="0" tests="6" time="45.994" timestamp="2026-03-30T02:02:27.288457+00:00" hostname="agent-env-5429e5ae-ebe2-47ac-b9a1-00a3ff198213"><testcase classname="backend.tests.test_job_hunter_api.TestJobHunterAPI" name="test_generate_keywords_endpoint" time="3.531" /><testcase classname="backend.tests.test_job_hunter_api.TestJobHunterAPI" name="test_search_jobs_endpoint" time="8.761" /><testcase classname="backend.tests.test_job_hunter_api.TestJobHunterAPI" name="test_draft_outreach_endpoint" time="2.303" /><testcase classname="backend.tests.test_job_hunter_api.TestJobHunterAPI" name="test_auto_pilot_endpoint" time="13.069" /><testcase classname="backend.tests.test_job_hunter_api.TestJobHunterAPIEdgeCases" name="test_generate_keywords_empty_params" time="2.626" /><testcase classname="backend.tests.test_job_hunter_api.TestJobHunterAPIEdgeCases" name="test_search_jobs_no_sources" time="15.525" /></testsuite></testsuites>